11:20:29.288 [main] INFO  com.redpoints.interview.Application - Starting Application using Java 17.0.6 with PID 15608 (C:\Users\aleja\Desktop\PruebaTecnica_RedPoints\movies\target\classes started by aleja in C:\Users\aleja\Desktop\PruebaTecnica_RedPoints\movies)
11:20:29.290 [main] DEBUG com.redpoints.interview.Application - Running with Spring Boot v3.1.6, Spring v6.0.14
11:20:29.291 [main] INFO  com.redpoints.interview.Application - No active profile set, falling back to 1 default profile: "default"
11:20:32.026 [main] INFO  com.redpoints.interview.Application - Started Application in 2.996 seconds (process running for 3.575)
11:20:35.159 [http-nio-8080-exec-1] DEBUG c.r.interview.service.MovieService - Wrong id error on getMovieById in Service with id: 15
11:20:51.770 [http-nio-8080-exec-6] DEBUG c.r.interview.service.MovieService - Wrong id error on deleteMovie in Service with id: 4
11:49:33.240 [main] INFO  com.redpoints.interview.Application - Starting Application using Java 17.0.6 with PID 20340 (C:\Users\aleja\Desktop\PruebaTecnica_RedPoints\movies\target\classes started by aleja in C:\Users\aleja\Desktop\PruebaTecnica_RedPoints\movies)
11:49:33.242 [main] DEBUG com.redpoints.interview.Application - Running with Spring Boot v3.1.6, Spring v6.0.14
11:49:33.243 [main] INFO  com.redpoints.interview.Application - No active profile set, falling back to 1 default profile: "default"
11:49:35.826 [main] INFO  com.redpoints.interview.Application - Started Application in 2.848 seconds (process running for 3.418)
11:51:15.316 [main] INFO  com.redpoints.interview.Application - Starting Application using Java 17.0.6 with PID 18892 (C:\Users\aleja\Desktop\PruebaTecnica_RedPoints\movies\target\classes started by aleja in C:\Users\aleja\Desktop\PruebaTecnica_RedPoints\movies)
11:51:15.318 [main] DEBUG com.redpoints.interview.Application - Running with Spring Boot v3.1.6, Spring v6.0.14
11:51:15.318 [main] INFO  com.redpoints.interview.Application - No active profile set, falling back to 1 default profile: "default"
11:51:18.273 [main] INFO  com.redpoints.interview.Application - Started Application in 3.231 seconds (process running for 3.909)
11:52:33.589 [main] INFO  com.redpoints.interview.Application - Starting Application using Java 17.0.6 with PID 5984 (C:\Users\aleja\Desktop\PruebaTecnica_RedPoints\movies\target\classes started by aleja in C:\Users\aleja\Desktop\PruebaTecnica_RedPoints\movies)
11:52:33.591 [main] DEBUG com.redpoints.interview.Application - Running with Spring Boot v3.1.6, Spring v6.0.14
11:52:33.591 [main] INFO  com.redpoints.interview.Application - No active profile set, falling back to 1 default profile: "default"
11:52:36.314 [main] INFO  com.redpoints.interview.Application - Started Application in 2.992 seconds (process running for 3.618)
11:55:50.427 [main] INFO  com.redpoints.interview.Application - Starting Application using Java 17.0.6 with PID 23096 (C:\Users\aleja\Desktop\PruebaTecnica_RedPoints\movies\target\classes started by aleja in C:\Users\aleja\Desktop\PruebaTecnica_RedPoints\movies)
11:55:50.429 [main] DEBUG com.redpoints.interview.Application - Running with Spring Boot v3.1.6, Spring v6.0.14
11:55:50.429 [main] INFO  com.redpoints.interview.Application - No active profile set, falling back to 1 default profile: "default"
11:55:53.147 [main] INFO  com.redpoints.interview.Application - Started Application in 2.974 seconds (process running for 3.561)
11:57:02.416 [main] INFO  com.redpoints.interview.Application - Starting Application using Java 17.0.6 with PID 6936 (C:\Users\aleja\Desktop\PruebaTecnica_RedPoints\movies\target\classes started by aleja in C:\Users\aleja\Desktop\PruebaTecnica_RedPoints\movies)
11:57:02.417 [main] DEBUG com.redpoints.interview.Application - Running with Spring Boot v3.1.6, Spring v6.0.14
11:57:02.418 [main] INFO  com.redpoints.interview.Application - No active profile set, falling back to 1 default profile: "default"
11:57:05.105 [main] INFO  com.redpoints.interview.Application - Started Application in 2.948 seconds (process running for 3.526)
11:57:46.405 [main] INFO  com.redpoints.interview.Application - Starting Application using Java 17.0.6 with PID 22336 (C:\Users\aleja\Desktop\PruebaTecnica_RedPoints\movies\target\classes started by aleja in C:\Users\aleja\Desktop\PruebaTecnica_RedPoints\movies)
11:57:46.407 [main] DEBUG com.redpoints.interview.Application - Running with Spring Boot v3.1.6, Spring v6.0.14
11:57:46.407 [main] INFO  com.redpoints.interview.Application - No active profile set, falling back to 1 default profile: "default"
11:57:49.112 [main] INFO  com.redpoints.interview.Application - Started Application in 2.99 seconds (process running for 3.627)
12:09:53.923 [main] INFO  com.redpoints.interview.Application - Starting Application using Java 17.0.6 with PID 4984 (C:\Users\aleja\Desktop\PruebaTecnica_RedPoints\movies\target\classes started by aleja in C:\Users\aleja\Desktop\PruebaTecnica_RedPoints\movies)
12:09:53.925 [main] DEBUG com.redpoints.interview.Application - Running with Spring Boot v3.1.6, Spring v6.0.14
12:09:53.926 [main] INFO  com.redpoints.interview.Application - No active profile set, falling back to 1 default profile: "default"
12:09:56.633 [main] INFO  com.redpoints.interview.Application - Started Application in 3.009 seconds (process running for 3.621)
12:09:58.527 [http-nio-8080-exec-1] DEBUG c.r.interview.service.MovieService - Wrong id error on deleteMovie in Service with id: 4
12:16:22.769 [main] DEBUG c.r.interview.service.MovieService - Wrong id error on getMovieById in Service with id: 6
12:16:23.330 [main] INFO  c.r.i.c.MovieControllerIntegrationTest - Starting MovieControllerIntegrationTest using Java 17.0.6 with PID 15792 (started by aleja in C:\Users\aleja\Desktop\PruebaTecnica_RedPoints\movies)
12:16:23.330 [main] DEBUG c.r.i.c.MovieControllerIntegrationTest - Running with Spring Boot v3.1.6, Spring v6.0.14
12:16:23.331 [main] INFO  c.r.i.c.MovieControllerIntegrationTest - No active profile set, falling back to 1 default profile: "default"
12:16:26.298 [main] INFO  c.r.i.c.MovieControllerIntegrationTest - Started MovieControllerIntegrationTest in 3.149 seconds (process running for 5.501)
12:16:26.807 [main] DEBUG c.r.interview.service.MovieService - Wrong id error on deleteMovie in Service with id: 999
12:16:26.892 [main] DEBUG c.r.interview.service.MovieService - Wrong id error on deleteMovie in Service with id: 999
12:23:42.986 [main] DEBUG c.r.interview.service.MovieService - Wrong id error on getMovieById in Service with id: 1
12:25:49.388 [main] DEBUG c.r.interview.service.MovieService - Wrong id error on getMovieById in Service with id: 1
12:26:19.490 [main] DEBUG c.r.interview.service.MovieService - Wrong id error on getMovieById in Service with id: 1
12:29:18.611 [main] INFO  com.redpoints.interview.Application - Starting Application using Java 17.0.6 with PID 20764 (C:\Users\aleja\Desktop\PruebaTecnica_RedPoints\movies\target\classes started by aleja in C:\Users\aleja\Desktop\PruebaTecnica_RedPoints\movies)
12:29:18.613 [main] DEBUG com.redpoints.interview.Application - Running with Spring Boot v3.1.6, Spring v6.0.14
12:29:18.613 [main] INFO  com.redpoints.interview.Application - No active profile set, falling back to 1 default profile: "default"
12:29:21.205 [main] INFO  com.redpoints.interview.Application - Started Application in 2.857 seconds (process running for 3.432)
12:31:03.729 [main] DEBUG c.r.interview.service.MovieService - Wrong id error on getMovieById in Service with id: 1
12:31:03.745 [main] DEBUG c.r.interview.service.MovieService - Wrong id error on getMovieById in Service with id: 6
12:31:04.293 [main] INFO  c.r.i.c.MovieControllerIntegrationTest - Starting MovieControllerIntegrationTest using Java 17.0.6 with PID 21552 (started by aleja in C:\Users\aleja\Desktop\PruebaTecnica_RedPoints\movies)
12:31:04.294 [main] DEBUG c.r.i.c.MovieControllerIntegrationTest - Running with Spring Boot v3.1.6, Spring v6.0.14
12:31:04.294 [main] INFO  c.r.i.c.MovieControllerIntegrationTest - No active profile set, falling back to 1 default profile: "default"
12:31:07.187 [main] INFO  c.r.i.c.MovieControllerIntegrationTest - Started MovieControllerIntegrationTest in 3.067 seconds (process running for 5.405)
12:31:07.670 [main] DEBUG c.r.interview.service.MovieService - Wrong id error on deleteMovie in Service with id: 999
12:31:07.745 [main] DEBUG c.r.interview.service.MovieService - Wrong id error on deleteMovie in Service with id: 999
12:37:02.195 [main] DEBUG c.r.interview.service.MovieService - Wrong id error on getMovieById in Service with id: 1
12:37:44.844 [main] DEBUG c.r.interview.service.MovieService - Wrong id error on getMovieById in Service with id: 1
12:44:37.104 [main] DEBUG c.r.interview.service.MovieService - Wrong id error on getMovieById in Service with id: 6
12:44:37.695 [main] INFO  c.r.i.c.MovieControllerIntegrationTest - Starting MovieControllerIntegrationTest using Java 17.0.6 with PID 20512 (started by aleja in C:\Users\aleja\Desktop\PruebaTecnica_RedPoints\movies)
12:44:37.696 [main] DEBUG c.r.i.c.MovieControllerIntegrationTest - Running with Spring Boot v3.1.6, Spring v6.0.14
12:44:37.696 [main] INFO  c.r.i.c.MovieControllerIntegrationTest - No active profile set, falling back to 1 default profile: "default"
12:44:40.703 [main] INFO  c.r.i.c.MovieControllerIntegrationTest - Started MovieControllerIntegrationTest in 3.186 seconds (process running for 5.595)
12:44:41.195 [main] DEBUG c.r.interview.service.MovieService - Wrong id error on deleteMovie in Service with id: 999
12:44:41.276 [main] DEBUG c.r.interview.service.MovieService - Wrong id error on deleteMovie in Service with id: 999
12:45:39.239 [main] INFO  com.redpoints.interview.Application - Starting Application using Java 17.0.6 with PID 568 (C:\Users\aleja\Desktop\PruebaTecnica_RedPoints\movies\target\classes started by aleja in C:\Users\aleja\Desktop\PruebaTecnica_RedPoints\movies)
12:45:39.241 [main] DEBUG com.redpoints.interview.Application - Running with Spring Boot v3.1.6, Spring v6.0.14
12:45:39.241 [main] INFO  com.redpoints.interview.Application - No active profile set, falling back to 1 default profile: "default"
12:45:41.914 [main] INFO  com.redpoints.interview.Application - Started Application in 2.938 seconds (process running for 3.529)
12:54:24.475 [main] INFO  com.redpoints.interview.Application - Starting Application using Java 17.0.6 with PID 2176 (C:\Users\aleja\Desktop\PruebaTecnica_RedPoints\movies\target\classes started by aleja in C:\Users\aleja\Desktop\PruebaTecnica_RedPoints\movies)
12:54:24.477 [main] DEBUG com.redpoints.interview.Application - Running with Spring Boot v3.1.6, Spring v6.0.14
12:54:24.478 [main] INFO  com.redpoints.interview.Application - No active profile set, falling back to 1 default profile: "default"
12:54:27.225 [main] INFO  com.redpoints.interview.Application - Started Application in 3.031 seconds (process running for 3.718)
13:10:28.561 [main] INFO  c.r.i.c.MovieControllerIntegrationTest - Starting MovieControllerIntegrationTest using Java 17.0.6 with PID 5736 (started by aleja in C:\Users\aleja\Desktop\PruebaTecnica_RedPoints\movies)
13:10:28.561 [main] DEBUG c.r.i.c.MovieControllerIntegrationTest - Running with Spring Boot v3.1.6, Spring v6.0.14
13:10:28.562 [main] INFO  c.r.i.c.MovieControllerIntegrationTest - No active profile set, falling back to 1 default profile: "default"
13:10:31.731 [main] INFO  c.r.i.c.MovieControllerIntegrationTest - Started MovieControllerIntegrationTest in 3.335 seconds (process running for 4.275)
13:12:21.028 [main] INFO  c.r.i.c.MovieControllerIntegrationTest - Starting MovieControllerIntegrationTest using Java 17.0.6 with PID 15152 (started by aleja in C:\Users\aleja\Desktop\PruebaTecnica_RedPoints\movies)
13:12:21.029 [main] DEBUG c.r.i.c.MovieControllerIntegrationTest - Running with Spring Boot v3.1.6, Spring v6.0.14
13:12:21.029 [main] INFO  c.r.i.c.MovieControllerIntegrationTest - No active profile set, falling back to 1 default profile: "default"
13:12:21.611 [main] INFO  c.r.i.c.MovieControllerIntegrationTest - Starting MovieControllerIntegrationTest using Java 17.0.6 with PID 15152 (started by aleja in C:\Users\aleja\Desktop\PruebaTecnica_RedPoints\movies)
13:12:21.611 [main] DEBUG c.r.i.c.MovieControllerIntegrationTest - Running with Spring Boot v3.1.6, Spring v6.0.14
13:12:21.611 [main] INFO  c.r.i.c.MovieControllerIntegrationTest - No active profile set, falling back to 1 default profile: "default"
13:12:21.762 [main] INFO  c.r.i.c.MovieControllerIntegrationTest - Starting MovieControllerIntegrationTest using Java 17.0.6 with PID 15152 (started by aleja in C:\Users\aleja\Desktop\PruebaTecnica_RedPoints\movies)
13:12:21.762 [main] DEBUG c.r.i.c.MovieControllerIntegrationTest - Running with Spring Boot v3.1.6, Spring v6.0.14
13:12:21.762 [main] INFO  c.r.i.c.MovieControllerIntegrationTest - No active profile set, falling back to 1 default profile: "default"
13:12:21.892 [main] INFO  c.r.i.c.MovieControllerIntegrationTest - Starting MovieControllerIntegrationTest using Java 17.0.6 with PID 15152 (started by aleja in C:\Users\aleja\Desktop\PruebaTecnica_RedPoints\movies)
13:12:21.893 [main] DEBUG c.r.i.c.MovieControllerIntegrationTest - Running with Spring Boot v3.1.6, Spring v6.0.14
13:12:21.893 [main] INFO  c.r.i.c.MovieControllerIntegrationTest - No active profile set, falling back to 1 default profile: "default"
13:12:22.005 [main] INFO  c.r.i.c.MovieControllerIntegrationTest - Starting MovieControllerIntegrationTest using Java 17.0.6 with PID 15152 (started by aleja in C:\Users\aleja\Desktop\PruebaTecnica_RedPoints\movies)
13:12:22.005 [main] DEBUG c.r.i.c.MovieControllerIntegrationTest - Running with Spring Boot v3.1.6, Spring v6.0.14
13:12:22.005 [main] INFO  c.r.i.c.MovieControllerIntegrationTest - No active profile set, falling back to 1 default profile: "default"
13:12:22.107 [main] INFO  c.r.i.c.MovieControllerIntegrationTest - Starting MovieControllerIntegrationTest using Java 17.0.6 with PID 15152 (started by aleja in C:\Users\aleja\Desktop\PruebaTecnica_RedPoints\movies)
13:12:22.107 [main] DEBUG c.r.i.c.MovieControllerIntegrationTest - Running with Spring Boot v3.1.6, Spring v6.0.14
13:12:22.107 [main] INFO  c.r.i.c.MovieControllerIntegrationTest - No active profile set, falling back to 1 default profile: "default"
13:13:19.053 [main] INFO  c.r.i.c.MovieControllerIntegrationTest - Starting MovieControllerIntegrationTest using Java 17.0.6 with PID 11908 (started by aleja in C:\Users\aleja\Desktop\PruebaTecnica_RedPoints\movies)
13:13:19.053 [main] DEBUG c.r.i.c.MovieControllerIntegrationTest - Running with Spring Boot v3.1.6, Spring v6.0.14
13:13:19.054 [main] INFO  c.r.i.c.MovieControllerIntegrationTest - No active profile set, falling back to 1 default profile: "default"
13:13:19.670 [main] INFO  c.r.i.c.MovieControllerIntegrationTest - Starting MovieControllerIntegrationTest using Java 17.0.6 with PID 11908 (started by aleja in C:\Users\aleja\Desktop\PruebaTecnica_RedPoints\movies)
13:13:19.670 [main] DEBUG c.r.i.c.MovieControllerIntegrationTest - Running with Spring Boot v3.1.6, Spring v6.0.14
13:13:19.670 [main] INFO  c.r.i.c.MovieControllerIntegrationTest - No active profile set, falling back to 1 default profile: "default"
13:13:19.818 [main] INFO  c.r.i.c.MovieControllerIntegrationTest - Starting MovieControllerIntegrationTest using Java 17.0.6 with PID 11908 (started by aleja in C:\Users\aleja\Desktop\PruebaTecnica_RedPoints\movies)
13:13:19.818 [main] DEBUG c.r.i.c.MovieControllerIntegrationTest - Running with Spring Boot v3.1.6, Spring v6.0.14
13:13:19.818 [main] INFO  c.r.i.c.MovieControllerIntegrationTest - No active profile set, falling back to 1 default profile: "default"
13:13:19.955 [main] INFO  c.r.i.c.MovieControllerIntegrationTest - Starting MovieControllerIntegrationTest using Java 17.0.6 with PID 11908 (started by aleja in C:\Users\aleja\Desktop\PruebaTecnica_RedPoints\movies)
13:13:19.955 [main] DEBUG c.r.i.c.MovieControllerIntegrationTest - Running with Spring Boot v3.1.6, Spring v6.0.14
13:13:19.955 [main] INFO  c.r.i.c.MovieControllerIntegrationTest - No active profile set, falling back to 1 default profile: "default"
13:13:20.100 [main] INFO  c.r.i.c.MovieControllerIntegrationTest - Starting MovieControllerIntegrationTest using Java 17.0.6 with PID 11908 (started by aleja in C:\Users\aleja\Desktop\PruebaTecnica_RedPoints\movies)
13:13:20.101 [main] DEBUG c.r.i.c.MovieControllerIntegrationTest - Running with Spring Boot v3.1.6, Spring v6.0.14
13:13:20.101 [main] INFO  c.r.i.c.MovieControllerIntegrationTest - No active profile set, falling back to 1 default profile: "default"
13:13:20.238 [main] INFO  c.r.i.c.MovieControllerIntegrationTest - Starting MovieControllerIntegrationTest using Java 17.0.6 with PID 11908 (started by aleja in C:\Users\aleja\Desktop\PruebaTecnica_RedPoints\movies)
13:13:20.239 [main] DEBUG c.r.i.c.MovieControllerIntegrationTest - Running with Spring Boot v3.1.6, Spring v6.0.14
13:13:20.239 [main] INFO  c.r.i.c.MovieControllerIntegrationTest - No active profile set, falling back to 1 default profile: "default"
13:15:49.927 [main] INFO  c.r.i.c.MovieControllerIntegrationTest - Starting MovieControllerIntegrationTest using Java 17.0.6 with PID 14976 (started by aleja in C:\Users\aleja\Desktop\PruebaTecnica_RedPoints\movies)
13:15:49.928 [main] DEBUG c.r.i.c.MovieControllerIntegrationTest - Running with Spring Boot v3.1.6, Spring v6.0.14
13:15:49.928 [main] INFO  c.r.i.c.MovieControllerIntegrationTest - No active profile set, falling back to 1 default profile: "default"
13:15:54.113 [main] INFO  c.r.i.c.MovieControllerIntegrationTest - Started MovieControllerIntegrationTest in 4.351 seconds (process running for 5.325)
13:17:44.893 [main] INFO  c.r.i.c.MovieControllerIntegrationTest - Starting MovieControllerIntegrationTest using Java 17.0.6 with PID 11176 (started by aleja in C:\Users\aleja\Desktop\PruebaTecnica_RedPoints\movies)
13:17:44.893 [main] DEBUG c.r.i.c.MovieControllerIntegrationTest - Running with Spring Boot v3.1.6, Spring v6.0.14
13:17:44.894 [main] INFO  c.r.i.c.MovieControllerIntegrationTest - No active profile set, falling back to 1 default profile: "default"
13:17:46.470 [main] INFO  c.r.i.c.MovieControllerIntegrationTest - Starting MovieControllerIntegrationTest using Java 17.0.6 with PID 11176 (started by aleja in C:\Users\aleja\Desktop\PruebaTecnica_RedPoints\movies)
13:17:46.470 [main] DEBUG c.r.i.c.MovieControllerIntegrationTest - Running with Spring Boot v3.1.6, Spring v6.0.14
13:17:46.470 [main] INFO  c.r.i.c.MovieControllerIntegrationTest - No active profile set, falling back to 1 default profile: "default"
13:17:46.734 [main] INFO  c.r.i.c.MovieControllerIntegrationTest - Starting MovieControllerIntegrationTest using Java 17.0.6 with PID 11176 (started by aleja in C:\Users\aleja\Desktop\PruebaTecnica_RedPoints\movies)
13:17:46.734 [main] DEBUG c.r.i.c.MovieControllerIntegrationTest - Running with Spring Boot v3.1.6, Spring v6.0.14
13:17:46.734 [main] INFO  c.r.i.c.MovieControllerIntegrationTest - No active profile set, falling back to 1 default profile: "default"
13:17:46.916 [main] INFO  c.r.i.c.MovieControllerIntegrationTest - Starting MovieControllerIntegrationTest using Java 17.0.6 with PID 11176 (started by aleja in C:\Users\aleja\Desktop\PruebaTecnica_RedPoints\movies)
13:17:46.916 [main] DEBUG c.r.i.c.MovieControllerIntegrationTest - Running with Spring Boot v3.1.6, Spring v6.0.14
13:17:46.917 [main] INFO  c.r.i.c.MovieControllerIntegrationTest - No active profile set, falling back to 1 default profile: "default"
13:17:47.070 [main] INFO  c.r.i.c.MovieControllerIntegrationTest - Starting MovieControllerIntegrationTest using Java 17.0.6 with PID 11176 (started by aleja in C:\Users\aleja\Desktop\PruebaTecnica_RedPoints\movies)
13:17:47.070 [main] DEBUG c.r.i.c.MovieControllerIntegrationTest - Running with Spring Boot v3.1.6, Spring v6.0.14
13:17:47.070 [main] INFO  c.r.i.c.MovieControllerIntegrationTest - No active profile set, falling back to 1 default profile: "default"
13:17:47.207 [main] INFO  c.r.i.c.MovieControllerIntegrationTest - Starting MovieControllerIntegrationTest using Java 17.0.6 with PID 11176 (started by aleja in C:\Users\aleja\Desktop\PruebaTecnica_RedPoints\movies)
13:17:47.207 [main] DEBUG c.r.i.c.MovieControllerIntegrationTest - Running with Spring Boot v3.1.6, Spring v6.0.14
13:17:47.207 [main] INFO  c.r.i.c.MovieControllerIntegrationTest - No active profile set, falling back to 1 default profile: "default"
13:20:12.888 [main] INFO  c.r.i.c.MovieControllerIntegrationTest - Starting MovieControllerIntegrationTest using Java 17.0.6 with PID 16512 (started by aleja in C:\Users\aleja\Desktop\PruebaTecnica_RedPoints\movies)
13:20:12.888 [main] DEBUG c.r.i.c.MovieControllerIntegrationTest - Running with Spring Boot v3.1.6, Spring v6.0.14
13:20:12.889 [main] INFO  c.r.i.c.MovieControllerIntegrationTest - No active profile set, falling back to 1 default profile: "default"
13:20:14.451 [main] INFO  c.r.i.c.MovieControllerIntegrationTest - Starting MovieControllerIntegrationTest using Java 17.0.6 with PID 16512 (started by aleja in C:\Users\aleja\Desktop\PruebaTecnica_RedPoints\movies)
13:20:14.451 [main] DEBUG c.r.i.c.MovieControllerIntegrationTest - Running with Spring Boot v3.1.6, Spring v6.0.14
13:20:14.451 [main] INFO  c.r.i.c.MovieControllerIntegrationTest - No active profile set, falling back to 1 default profile: "default"
13:20:14.701 [main] INFO  c.r.i.c.MovieControllerIntegrationTest - Starting MovieControllerIntegrationTest using Java 17.0.6 with PID 16512 (started by aleja in C:\Users\aleja\Desktop\PruebaTecnica_RedPoints\movies)
13:20:14.701 [main] DEBUG c.r.i.c.MovieControllerIntegrationTest - Running with Spring Boot v3.1.6, Spring v6.0.14
13:20:14.701 [main] INFO  c.r.i.c.MovieControllerIntegrationTest - No active profile set, falling back to 1 default profile: "default"
13:20:14.858 [main] INFO  c.r.i.c.MovieControllerIntegrationTest - Starting MovieControllerIntegrationTest using Java 17.0.6 with PID 16512 (started by aleja in C:\Users\aleja\Desktop\PruebaTecnica_RedPoints\movies)
13:20:14.858 [main] DEBUG c.r.i.c.MovieControllerIntegrationTest - Running with Spring Boot v3.1.6, Spring v6.0.14
13:20:14.858 [main] INFO  c.r.i.c.MovieControllerIntegrationTest - No active profile set, falling back to 1 default profile: "default"
13:20:15.003 [main] INFO  c.r.i.c.MovieControllerIntegrationTest - Starting MovieControllerIntegrationTest using Java 17.0.6 with PID 16512 (started by aleja in C:\Users\aleja\Desktop\PruebaTecnica_RedPoints\movies)
13:20:15.003 [main] DEBUG c.r.i.c.MovieControllerIntegrationTest - Running with Spring Boot v3.1.6, Spring v6.0.14
13:20:15.003 [main] INFO  c.r.i.c.MovieControllerIntegrationTest - No active profile set, falling back to 1 default profile: "default"
13:20:15.145 [main] INFO  c.r.i.c.MovieControllerIntegrationTest - Starting MovieControllerIntegrationTest using Java 17.0.6 with PID 16512 (started by aleja in C:\Users\aleja\Desktop\PruebaTecnica_RedPoints\movies)
13:20:15.145 [main] DEBUG c.r.i.c.MovieControllerIntegrationTest - Running with Spring Boot v3.1.6, Spring v6.0.14
13:20:15.145 [main] INFO  c.r.i.c.MovieControllerIntegrationTest - No active profile set, falling back to 1 default profile: "default"
13:22:11.506 [main] INFO  c.r.i.c.MovieControllerIntegrationTest - Starting MovieControllerIntegrationTest using Java 17.0.6 with PID 12220 (started by aleja in C:\Users\aleja\Desktop\PruebaTecnica_RedPoints\movies)
13:22:11.506 [main] DEBUG c.r.i.c.MovieControllerIntegrationTest - Running with Spring Boot v3.1.6, Spring v6.0.14
13:22:11.507 [main] INFO  c.r.i.c.MovieControllerIntegrationTest - No active profile set, falling back to 1 default profile: "default"
13:22:14.690 [main] INFO  c.r.i.c.MovieControllerIntegrationTest - Started MovieControllerIntegrationTest in 3.371 seconds (process running for 4.367)
13:22:27.478 [main] INFO  c.r.i.c.MovieControllerIntegrationTest - Starting MovieControllerIntegrationTest using Java 17.0.6 with PID 13328 (started by aleja in C:\Users\aleja\Desktop\PruebaTecnica_RedPoints\movies)
13:22:27.479 [main] DEBUG c.r.i.c.MovieControllerIntegrationTest - Running with Spring Boot v3.1.6, Spring v6.0.14
13:22:27.479 [main] INFO  c.r.i.c.MovieControllerIntegrationTest - No active profile set, falling back to 1 default profile: "default"
13:22:31.846 [main] INFO  c.r.i.c.MovieControllerIntegrationTest - Started MovieControllerIntegrationTest in 4.542 seconds (process running for 5.53)
13:23:11.445 [main] INFO  c.r.i.c.MovieControllerIntegrationTest - Starting MovieControllerIntegrationTest using Java 17.0.6 with PID 15264 (started by aleja in C:\Users\aleja\Desktop\PruebaTecnica_RedPoints\movies)
13:23:11.446 [main] DEBUG c.r.i.c.MovieControllerIntegrationTest - Running with Spring Boot v3.1.6, Spring v6.0.14
13:23:11.446 [main] INFO  c.r.i.c.MovieControllerIntegrationTest - No active profile set, falling back to 1 default profile: "default"
13:23:15.655 [main] INFO  c.r.i.c.MovieControllerIntegrationTest - Started MovieControllerIntegrationTest in 4.388 seconds (process running for 5.421)
13:24:46.491 [main] INFO  c.r.i.c.MovieControllerIntegrationTest - Starting MovieControllerIntegrationTest using Java 17.0.6 with PID 18776 (started by aleja in C:\Users\aleja\Desktop\PruebaTecnica_RedPoints\movies)
13:24:46.491 [main] DEBUG c.r.i.c.MovieControllerIntegrationTest - Running with Spring Boot v3.1.6, Spring v6.0.14
13:24:46.492 [main] INFO  c.r.i.c.MovieControllerIntegrationTest - No active profile set, falling back to 1 default profile: "default"
13:24:50.895 [main] INFO  c.r.i.c.MovieControllerIntegrationTest - Started MovieControllerIntegrationTest in 4.571 seconds (process running for 5.613)
13:25:50.494 [main] INFO  c.r.i.c.MovieControllerIntegrationTest - Starting MovieControllerIntegrationTest using Java 17.0.6 with PID 15100 (started by aleja in C:\Users\aleja\Desktop\PruebaTecnica_RedPoints\movies)
13:25:50.495 [main] DEBUG c.r.i.c.MovieControllerIntegrationTest - Running with Spring Boot v3.1.6, Spring v6.0.14
13:25:50.495 [main] INFO  c.r.i.c.MovieControllerIntegrationTest - No active profile set, falling back to 1 default profile: "default"
13:25:54.781 [main] INFO  c.r.i.c.MovieControllerIntegrationTest - Started MovieControllerIntegrationTest in 4.466 seconds (process running for 5.479)
13:26:23.405 [main] INFO  c.r.i.c.MovieControllerIntegrationTest - Starting MovieControllerIntegrationTest using Java 17.0.6 with PID 3640 (started by aleja in C:\Users\aleja\Desktop\PruebaTecnica_RedPoints\movies)
13:26:23.406 [main] DEBUG c.r.i.c.MovieControllerIntegrationTest - Running with Spring Boot v3.1.6, Spring v6.0.14
13:26:23.407 [main] INFO  c.r.i.c.MovieControllerIntegrationTest - No active profile set, falling back to 1 default profile: "default"
13:26:27.599 [main] INFO  c.r.i.c.MovieControllerIntegrationTest - Started MovieControllerIntegrationTest in 4.378 seconds (process running for 5.376)
13:26:56.836 [main] INFO  c.r.i.c.MovieControllerIntegrationTest - Starting MovieControllerIntegrationTest using Java 17.0.6 with PID 15424 (started by aleja in C:\Users\aleja\Desktop\PruebaTecnica_RedPoints\movies)
13:26:56.837 [main] DEBUG c.r.i.c.MovieControllerIntegrationTest - Running with Spring Boot v3.1.6, Spring v6.0.14
13:26:56.837 [main] INFO  c.r.i.c.MovieControllerIntegrationTest - No active profile set, falling back to 1 default profile: "default"
13:27:00.038 [main] INFO  c.r.i.c.MovieControllerIntegrationTest - Started MovieControllerIntegrationTest in 3.372 seconds (process running for 4.356)
13:27:10.597 [main] INFO  c.r.i.c.MovieControllerIntegrationTest - Starting MovieControllerIntegrationTest using Java 17.0.6 with PID 11156 (started by aleja in C:\Users\aleja\Desktop\PruebaTecnica_RedPoints\movies)
13:27:10.598 [main] DEBUG c.r.i.c.MovieControllerIntegrationTest - Running with Spring Boot v3.1.6, Spring v6.0.14
13:27:10.598 [main] INFO  c.r.i.c.MovieControllerIntegrationTest - No active profile set, falling back to 1 default profile: "default"
13:27:13.849 [main] INFO  c.r.i.c.MovieControllerIntegrationTest - Started MovieControllerIntegrationTest in 3.422 seconds (process running for 4.392)
13:27:53.437 [main] INFO  c.r.i.c.MovieControllerIntegrationTest - Starting MovieControllerIntegrationTest using Java 17.0.6 with PID 19384 (started by aleja in C:\Users\aleja\Desktop\PruebaTecnica_RedPoints\movies)
13:27:53.438 [main] DEBUG c.r.i.c.MovieControllerIntegrationTest - Running with Spring Boot v3.1.6, Spring v6.0.14
13:27:53.438 [main] INFO  c.r.i.c.MovieControllerIntegrationTest - No active profile set, falling back to 1 default profile: "default"
13:27:56.568 [main] INFO  c.r.i.c.MovieControllerIntegrationTest - Started MovieControllerIntegrationTest in 3.309 seconds (process running for 4.327)
13:28:09.888 [main] INFO  c.r.i.c.MovieControllerIntegrationTest - Starting MovieControllerIntegrationTest using Java 17.0.6 with PID 12608 (started by aleja in C:\Users\aleja\Desktop\PruebaTecnica_RedPoints\movies)
13:28:09.888 [main] DEBUG c.r.i.c.MovieControllerIntegrationTest - Running with Spring Boot v3.1.6, Spring v6.0.14
13:28:09.889 [main] INFO  c.r.i.c.MovieControllerIntegrationTest - No active profile set, falling back to 1 default profile: "default"
13:28:13.071 [main] INFO  c.r.i.c.MovieControllerIntegrationTest - Started MovieControllerIntegrationTest in 3.371 seconds (process running for 4.305)
13:28:13.943 [main] DEBUG c.r.interview.service.MovieService - Wrong id error on deleteMovie in Service with id: 999
13:28:38.633 [main] INFO  c.r.i.c.MovieControllerIntegrationTest - Starting MovieControllerIntegrationTest using Java 17.0.6 with PID 12380 (started by aleja in C:\Users\aleja\Desktop\PruebaTecnica_RedPoints\movies)
13:28:38.634 [main] DEBUG c.r.i.c.MovieControllerIntegrationTest - Running with Spring Boot v3.1.6, Spring v6.0.14
13:28:38.634 [main] INFO  c.r.i.c.MovieControllerIntegrationTest - No active profile set, falling back to 1 default profile: "default"
13:28:42.028 [main] INFO  c.r.i.c.MovieControllerIntegrationTest - Started MovieControllerIntegrationTest in 3.564 seconds (process running for 4.532)
13:28:42.915 [main] DEBUG c.r.interview.service.MovieService - Wrong id error on deleteMovie in Service with id: 999
13:31:23.058 [main] INFO  c.r.i.c.MovieControllerIntegrationTest - Starting MovieControllerIntegrationTest using Java 17.0.6 with PID 18152 (started by aleja in C:\Users\aleja\Desktop\PruebaTecnica_RedPoints\movies)
13:31:23.059 [main] DEBUG c.r.i.c.MovieControllerIntegrationTest - Running with Spring Boot v3.1.6, Spring v6.0.14
13:31:23.059 [main] INFO  c.r.i.c.MovieControllerIntegrationTest - No active profile set, falling back to 1 default profile: "default"
13:31:26.229 [main] INFO  c.r.i.c.MovieControllerIntegrationTest - Started MovieControllerIntegrationTest in 3.345 seconds (process running for 4.37)
13:32:46.745 [main] INFO  c.r.i.c.MovieControllerIntegrationTest - Starting MovieControllerIntegrationTest using Java 17.0.6 with PID 20916 (started by aleja in C:\Users\aleja\Desktop\PruebaTecnica_RedPoints\movies)
13:32:46.746 [main] DEBUG c.r.i.c.MovieControllerIntegrationTest - Running with Spring Boot v3.1.6, Spring v6.0.14
13:32:46.746 [main] INFO  c.r.i.c.MovieControllerIntegrationTest - No active profile set, falling back to 1 default profile: "default"
13:32:49.865 [main] INFO  c.r.i.c.MovieControllerIntegrationTest - Started MovieControllerIntegrationTest in 3.297 seconds (process running for 4.278)
13:33:00.648 [main] DEBUG c.r.interview.service.MovieService - Wrong id error on getMovieById in Service with id: 6
13:33:01.217 [main] INFO  c.r.i.c.MovieControllerIntegrationTest - Starting MovieControllerIntegrationTest using Java 17.0.6 with PID 7384 (started by aleja in C:\Users\aleja\Desktop\PruebaTecnica_RedPoints\movies)
13:33:01.218 [main] DEBUG c.r.i.c.MovieControllerIntegrationTest - Running with Spring Boot v3.1.6, Spring v6.0.14
13:33:01.218 [main] INFO  c.r.i.c.MovieControllerIntegrationTest - No active profile set, falling back to 1 default profile: "default"
13:33:04.261 [main] INFO  c.r.i.c.MovieControllerIntegrationTest - Started MovieControllerIntegrationTest in 3.224 seconds (process running for 5.504)
13:33:04.862 [main] DEBUG c.r.interview.service.MovieService - Wrong id error on deleteMovie in Service with id: 999
13:52:46.088 [main] INFO  com.redpoints.interview.Application - Starting Application using Java 17.0.6 with PID 13804 (C:\Users\aleja\Desktop\red-points-test\target\classes started by aleja in C:\Users\aleja\Desktop\red-points-test)
13:52:46.090 [main] DEBUG com.redpoints.interview.Application - Running with Spring Boot v3.1.6, Spring v6.0.14
13:52:46.090 [main] INFO  com.redpoints.interview.Application - No active profile set, falling back to 1 default profile: "default"
13:52:48.851 [main] INFO  com.redpoints.interview.Application - Started Application in 3.052 seconds (process running for 4.023)
13:53:32.509 [http-nio-8080-exec-7] DEBUG c.r.interview.service.MovieService - Wrong id error on getMovieById in Service with id: 1
15:14:49.892 [main] INFO  com.redpoints.interview.Application - Starting Application using Java 17.0.6 with PID 4264 (C:\Users\aleja\Desktop\red-points-test\target\classes started by aleja in C:\Users\aleja\Desktop\red-points-test)
15:14:49.895 [main] DEBUG com.redpoints.interview.Application - Running with Spring Boot v3.1.6, Spring v6.0.14
15:14:49.896 [main] INFO  com.redpoints.interview.Application - No active profile set, falling back to 1 default profile: "default"
15:14:55.024 [main] INFO  com.redpoints.interview.Application - Started Application in 5.567 seconds (process running for 7.139)
15:15:31.509 [main] INFO  com.redpoints.interview.Application - Starting Application using Java 17.0.6 with PID 25424 (C:\Users\aleja\Desktop\red-points-test\target\classes started by aleja in C:\Users\aleja\Desktop\red-points-test)
15:15:31.514 [main] DEBUG com.redpoints.interview.Application - Running with Spring Boot v3.1.6, Spring v6.0.14
15:15:31.515 [main] INFO  com.redpoints.interview.Application - No active profile set, falling back to 1 default profile: "default"
15:15:36.234 [main] INFO  com.redpoints.interview.Application - Started Application in 5.172 seconds (process running for 5.805)
15:28:23.593 [main] INFO  com.redpoints.interview.Application - Starting Application using Java 17.0.6 with PID 13788 (C:\Users\aleja\Desktop\red-points-test\target\classes started by aleja in C:\Users\aleja\Desktop\red-points-test)
15:28:23.595 [main] DEBUG com.redpoints.interview.Application - Running with Spring Boot v3.1.6, Spring v6.0.14
15:28:23.596 [main] INFO  com.redpoints.interview.Application - No active profile set, falling back to 1 default profile: "default"
15:28:26.363 [main] INFO  com.redpoints.interview.Application - Started Application in 3.033 seconds (process running for 3.709)
15:32:43.125 [main] INFO  c.r.i.c.MovieControllerIntegrationTest - Starting MovieControllerIntegrationTest using Java 17.0.6 with PID 11160 (started by aleja in C:\Users\aleja\Desktop\red-points-test)
15:32:43.126 [main] DEBUG c.r.i.c.MovieControllerIntegrationTest - Running with Spring Boot v3.1.6, Spring v6.0.14
15:32:43.126 [main] INFO  c.r.i.c.MovieControllerIntegrationTest - No active profile set, falling back to 1 default profile: "default"
15:32:46.529 [main] INFO  c.r.i.c.MovieControllerIntegrationTest - Started MovieControllerIntegrationTest in 3.598 seconds (process running for 4.66)
15:32:50.712 [main] INFO  c.r.i.c.MovieControllerIntegrationTest - Starting MovieControllerIntegrationTest using Java 17.0.6 with PID 2464 (started by aleja in C:\Users\aleja\Desktop\red-points-test)
15:32:50.713 [main] DEBUG c.r.i.c.MovieControllerIntegrationTest - Running with Spring Boot v3.1.6, Spring v6.0.14
15:32:50.713 [main] INFO  c.r.i.c.MovieControllerIntegrationTest - No active profile set, falling back to 1 default profile: "default"
15:32:54.531 [main] INFO  c.r.i.c.MovieControllerIntegrationTest - Started MovieControllerIntegrationTest in 4.009 seconds (process running for 5.136)
15:35:31.216 [main] INFO  c.r.i.c.MovieControllerIntegrationTest - Starting MovieControllerIntegrationTest using Java 17.0.6 with PID 4996 (started by aleja in C:\Users\aleja\Desktop\red-points-test)
15:35:31.217 [main] DEBUG c.r.i.c.MovieControllerIntegrationTest - Running with Spring Boot v3.1.6, Spring v6.0.14
15:35:31.217 [main] INFO  c.r.i.c.MovieControllerIntegrationTest - No active profile set, falling back to 1 default profile: "default"
15:35:35.164 [main] INFO  c.r.i.c.MovieControllerIntegrationTest - Started MovieControllerIntegrationTest in 4.137 seconds (process running for 5.274)
15:37:36.591 [main] INFO  c.r.i.c.MovieControllerIntegrationTest - Starting MovieControllerIntegrationTest using Java 17.0.6 with PID 25056 (started by aleja in C:\Users\aleja\Desktop\red-points-test)
15:37:36.592 [main] DEBUG c.r.i.c.MovieControllerIntegrationTest - Running with Spring Boot v3.1.6, Spring v6.0.14
15:37:36.593 [main] INFO  c.r.i.c.MovieControllerIntegrationTest - No active profile set, falling back to 1 default profile: "default"
15:37:40.497 [main] INFO  c.r.i.c.MovieControllerIntegrationTest - Started MovieControllerIntegrationTest in 4.097 seconds (process running for 5.237)
15:45:05.438 [main] INFO  c.r.i.c.MovieControllerIntegrationTest - Starting MovieControllerIntegrationTest using Java 17.0.6 with PID 22352 (started by aleja in C:\Users\aleja\Desktop\red-points-test)
15:45:05.438 [main] DEBUG c.r.i.c.MovieControllerIntegrationTest - Running with Spring Boot v3.1.6, Spring v6.0.14
15:45:05.439 [main] INFO  c.r.i.c.MovieControllerIntegrationTest - No active profile set, falling back to 1 default profile: "default"
15:45:09.329 [main] INFO  c.r.i.c.MovieControllerIntegrationTest - Started MovieControllerIntegrationTest in 4.084 seconds (process running for 5.197)
15:48:24.890 [main] INFO  c.r.i.c.MovieControllerIntegrationTest - Starting MovieControllerIntegrationTest using Java 17.0.6 with PID 25528 (started by aleja in C:\Users\aleja\Desktop\red-points-test)
15:48:24.891 [main] DEBUG c.r.i.c.MovieControllerIntegrationTest - Running with Spring Boot v3.1.6, Spring v6.0.14
15:48:24.892 [main] INFO  c.r.i.c.MovieControllerIntegrationTest - No active profile set, falling back to 1 default profile: "default"
15:48:28.646 [main] INFO  c.r.i.c.MovieControllerIntegrationTest - Started MovieControllerIntegrationTest in 3.947 seconds (process running for 5.066)
15:49:50.166 [main] INFO  c.r.i.c.MovieControllerIntegrationTest - Starting MovieControllerIntegrationTest using Java 17.0.6 with PID 10940 (started by aleja in C:\Users\aleja\Desktop\red-points-test)
15:49:50.167 [main] DEBUG c.r.i.c.MovieControllerIntegrationTest - Running with Spring Boot v3.1.6, Spring v6.0.14
15:49:50.167 [main] INFO  c.r.i.c.MovieControllerIntegrationTest - No active profile set, falling back to 1 default profile: "default"
15:49:54.121 [main] INFO  c.r.i.c.MovieControllerIntegrationTest - Started MovieControllerIntegrationTest in 4.148 seconds (process running for 5.25)
15:51:22.197 [main] INFO  c.r.i.c.MovieControllerIntegrationTest - Starting MovieControllerIntegrationTest using Java 17.0.6 with PID 11440 (started by aleja in C:\Users\aleja\Desktop\red-points-test)
15:51:22.198 [main] DEBUG c.r.i.c.MovieControllerIntegrationTest - Running with Spring Boot v3.1.6, Spring v6.0.14
15:51:22.198 [main] INFO  c.r.i.c.MovieControllerIntegrationTest - No active profile set, falling back to 1 default profile: "default"
15:51:25.609 [main] INFO  c.r.i.c.MovieControllerIntegrationTest - Started MovieControllerIntegrationTest in 3.605 seconds (process running for 4.624)
15:51:33.016 [main] INFO  com.redpoints.interview.Application - Starting Application using Java 17.0.6 with PID 3896 (C:\Users\aleja\Desktop\red-points-test\target\classes started by aleja in C:\Users\aleja\Desktop\red-points-test)
15:51:33.018 [main] DEBUG com.redpoints.interview.Application - Running with Spring Boot v3.1.6, Spring v6.0.14
15:51:33.019 [main] INFO  com.redpoints.interview.Application - No active profile set, falling back to 1 default profile: "default"
15:51:35.627 [main] INFO  com.redpoints.interview.Application - Started Application in 2.884 seconds (process running for 3.476)
16:13:03.499 [main] INFO  c.r.i.c.MovieControllerIntegrationTest - Starting MovieControllerIntegrationTest using Java 17.0.6 with PID 1388 (started by aleja in C:\Users\aleja\Desktop\red-points-test)
16:13:03.500 [main] DEBUG c.r.i.c.MovieControllerIntegrationTest - Running with Spring Boot v3.1.6, Spring v6.0.14
16:13:03.501 [main] INFO  c.r.i.c.MovieControllerIntegrationTest - No active profile set, falling back to 1 default profile: "default"
16:13:07.432 [main] INFO  c.r.i.c.MovieControllerIntegrationTest - Started MovieControllerIntegrationTest in 4.125 seconds (process running for 5.271)
